A51 MACRO ASSEMBLER  QN1                                                                  02/11/2026 14:29:40 PAGE     1


MACRO ASSEMBLER A51 V8.2.7.0
OBJECT MODULE PLACED IN .\Objects\qn1.obj
ASSEMBLER INVOKED BY: C:\Keil_v5\C51\BIN\A51.EXE qn1.a51 SET(SMALL) DEBUG PRINT(.\Listings\qn1.lst) OBJECT(.\Objects\qn1
                      .obj) EP

LOC  OBJ            LINE     SOURCE

0000                   1     ORG 0H
0000 020100            2     LJMP MAIN
0100                   3     ORG 100H
0100                   4     MAIN:
0100 3130              5     CALL CHECK_LEAP
0102 80FE              6     HERE: SJMP HERE
0130                   7     ORG 130H
                       8     
0130                   9     CHECK_LEAP:
0130 E530             10     MOV A, 30h
0132 75F004           11     MOV B, #04H
0135 84               12     DIV AB
0136 E5F0             13     MOV A,B
0138 B4000E           14     CJNE A,#00h, NOT_LEAP
                      15     
013B E530             16     MOV A, 30h
013D 75F064           17     MOV B, #64H
0140 84               18     DIV AB
0141 E5F0             19     MOV A,B
0143 6004             20     JZ NOT_LEAP
0145                  21     LEAP:
0145 753101           22     MOV 31H, #01H ; Leap year
0148 22               23     RET
0149                  24     NOT_LEAP:
0149 753100           25     MOV 31H, #00H ; Not a leap year
014C 22               26     RET
                      27     END
A51 MACRO ASSEMBLER  QN1                                                                  02/11/2026 14:29:40 PAGE     2

SYMBOL TABLE LISTING
------ ----- -------


N A M E             T Y P E  V A L U E   ATTRIBUTES

B. . . . . . . . .  D ADDR   00F0H   A   
CHECK_LEAP . . . .  C ADDR   0130H   A   
HERE . . . . . . .  C ADDR   0102H   A   
LEAP . . . . . . .  C ADDR   0145H   A   
MAIN . . . . . . .  C ADDR   0100H   A   
NOT_LEAP . . . . .  C ADDR   0149H   A   


REGISTER BANK(S) USED: 0 


ASSEMBLY COMPLETE.  0 WARNING(S), 0 ERROR(S)
