A51 MACRO ASSEMBLER  QN1                                                                  02/10/2026 16:06:25 PAGE     1


MACRO ASSEMBLER A51 V8.2.7.0
OBJECT MODULE PLACED IN .\Objects\qn1.obj
ASSEMBLER INVOKED BY: C:\Keil_v5\C51\BIN\A51.EXE qn1.a51 SET(SMALL) DEBUG PRINT(.\Listings\qn1.lst) OBJECT(.\Objects\qn1
                      .obj) EP

LOC  OBJ            LINE     SOURCE

0000                   1     ORG 0H
0000 020100            2     LJMP MAIN
0100                   3     ORG 100H
0100                   4     MAIN:
0100 759000            5     MOV P1, #00h
0103 3146              6     CALL delay_2ms
0105 3151              7     CALL delay_250us
0107 315A              8     CALL delay_50us
0109 315A              9     CALL delay_50us
010B 315A             10     CALL delay_50us
010D 759001           11     MOV P1, #01h
0110 3130             12     CALL delay_1ms
0112 3151             13     CALL delay_250us
0114 3151             14     CALL delay_250us
0116 315A             15     CALL delay_50us
0118 315A             16     CALL delay_50us
011A 80E4             17     JMP MAIN
                      18     
0130                  19     ORG 130H
                      20     
                      21     
                      22     
0130                  23     delay_1ms:
0130 C000             24     push 00h
0132 7804             25     mov r0, #4
0134 3151             26     h4: acall delay_250us
0136 D8FC             27     djnz r0, h4
0138 D000             28     pop 00h
013A 22               29     ret
                      30     
013B                  31     delay_0_1ms:
013B C000             32     push 00h           
013D 780A             33     mov r0, #10
013F 3151             34     h3: acall delay_250us
0141 D8FC             35     djnz r0, h3
0143 D000             36     pop 00h
0145 22               37     ret
                      38     
0146                  39     delay_2ms:
0146 C000             40     push 00h
0148 7808             41     mov r0, #8
014A 3151             42     h2: acall delay_250us
014C D8FC             43     djnz r0, h2
014E D000             44     pop 00h
0150 22               45     ret
                      46     
0151                  47     delay_250us:
0151 C000             48     push 00h
0153 78F4             49     mov r0, #244
0155 D8FE             50     h1: djnz r0, h1
0157 D000             51     pop 00h
0159 22               52     ret
                      53     
015A                  54     delay_50us:
015A C000             55     push 00h
015C 782C             56     mov r0, #44
015E D8FE             57     h5: djnz r0, h5
A51 MACRO ASSEMBLER  QN1                                                                  02/10/2026 16:06:25 PAGE     2

0160 D000             58     pop 00h
                      59     
0162 22               60     RET
                      61     END
A51 MACRO ASSEMBLER  QN1                                                                  02/10/2026 16:06:25 PAGE     3

SYMBOL TABLE LISTING
------ ----- -------


N A M E             T Y P E  V A L U E   ATTRIBUTES

DELAY_0_1MS. . . .  C ADDR   013BH   A   
DELAY_1MS. . . . .  C ADDR   0130H   A   
DELAY_250US. . . .  C ADDR   0151H   A   
DELAY_2MS. . . . .  C ADDR   0146H   A   
DELAY_50US . . . .  C ADDR   015AH   A   
H1 . . . . . . . .  C ADDR   0155H   A   
H2 . . . . . . . .  C ADDR   014AH   A   
H3 . . . . . . . .  C ADDR   013FH   A   
H4 . . . . . . . .  C ADDR   0134H   A   
H5 . . . . . . . .  C ADDR   015EH   A   
MAIN . . . . . . .  C ADDR   0100H   A   
P1 . . . . . . . .  D ADDR   0090H   A   


REGISTER BANK(S) USED: 0 


ASSEMBLY COMPLETE.  0 WARNING(S), 0 ERROR(S)
